<pre>[22:42:13.036366]. request depth data from exchange server from ?
[22:42:13.556678]. last snapshot at 2017-01-17 19:41:16, round '2017-01-17 19' vs '2017-01-17 19' 

 btc_usd.min_price = 889.161 
diff commits total = 51 
 btc_usd.min_price = 623.252 
diff commits total = 90 
[22:42:16.307327]. cleaning `last` table for btc_usd
[22:42:16.481432]. save_full_depth performing
 full depth save: asks = [2000], bids = [2000], skip = [1], filter = 0.005000 
[22:42:17.117813].  spread: 889.625 .. 889.427. Saldo volume asks = 5188.853352400111, bids = 6053.384249560046 

Array
(
    [cost_asks] => 6143405.187738536
    [cost_bids] => 4372390.513786971
    [volume_asks] => 5188.853352400111
    [volume_bids] => 6053.384249560046
    [best_ask] => 889.625
    [best_bid] => 889.427
)
[22:42:17.157837]. request depth data from exchange server from http://darkstalker.ru/btce_cache.php?data=depth&pair=btc_usd&params=limit=2000
[22:42:18.055376]. last snapshot at 2017-01-17 19:41:20, round '2017-01-17 19' vs '2017-01-17 19' 

 dsh_btc.min_price = 0.01572 
diff commits total = 94 
 dsh_btc.min_price = 0.0001 
diff commits total = 97 
[22:42:18.282512]. cleaning `last` table for dsh_btc
[22:42:18.556676]. save_full_depth performing
 full depth save: asks = [516], bids = [636], skip = [0], filter = 0.005000 
[22:42:18.701763].  spread: 0.01572 .. 0.01563. Saldo volume asks = 21800.480394659728, bids = 9745.927113919995 

Array
(
    [cost_asks] => 503.6854518511009
    [cost_bids] => 58.922095477472986
    [volume_asks] => 21800.480394659728
    [volume_bids] => 9745.927113919995
    [best_ask] => 0.01572
    [best_bid] => 0.01563
)
[22:42:18.817833]. request depth data from exchange server from http://darkstalker.ru/btce_cache.php?data=depth&pair=dsh_btc&params=limit=2000
[22:42:19.089996]. last snapshot at 2017-01-17 19:41:22, round '2017-01-17 19' vs '2017-01-17 19' 

 dsh_usd.min_price = 13.9 
diff commits total = 98 
 dsh_usd.min_price = 0.0001 
diff commits total = 105 
[22:42:19.324136]. cleaning `last` table for dsh_usd
[22:42:19.599301]. save_full_depth performing
 full depth save: asks = [136], bids = [219], skip = [0], filter = 0.005000 
[22:42:19.650332].  spread: 13.9 .. 13.81352. Saldo volume asks = 3410.9218315199987, bids = 1108058.90354076 

Array
(
    [cost_asks] => 99283.96198929039
    [cost_bids] => 68072.5496402156
    [volume_asks] => 3410.9218315199987
    [volume_bids] => 1108058.90354076
    [best_ask] => 13.9
    [best_bid] => 13.81352
)
[22:42:19.774406]. request depth data from exchange server from http://darkstalker.ru/btce_cache.php?data=depth&pair=dsh_usd&params=limit=2000
[22:42:20.408787]. last snapshot at 2017-01-17 19:41:23, round '2017-01-17 19' vs '2017-01-17 19' 

 eth_btc.min_price = 0.01171 
diff commits total = 110 
 eth_btc.min_price = 0.0001 
diff commits total = 114 
[22:42:20.624916]. cleaning `last` table for eth_btc
[22:42:20.883071]. save_full_depth performing
 full depth save: asks = [989], bids = [380], skip = [1], filter = 0.005000 
[22:42:21.053173].  spread: 0.01171 .. 0.01164. Saldo volume asks = 32531.36568232006, bids = 125785.83013614001 

Array
(
    [cost_asks] => 996.4643247446427
    [cost_bids] => 163.982733533558
    [volume_asks] => 32531.36568232006
    [volume_bids] => 125785.83013614001
    [best_ask] => 0.01171
    [best_bid] => 0.01164
)
[22:42:21.109207]. request depth data from exchange server from http://darkstalker.ru/btce_cache.php?data=depth&pair=eth_btc&params=limit=2000
[22:42:21.815630]. last snapshot at 2017-01-17 19:41:25, round '2017-01-17 19' vs '2017-01-17 19' 

 eth_usd.min_price = 10.36993 
diff commits total = 131 
 eth_usd.min_price = 0.0001 
diff commits total = 145 
[22:42:22.701161]. cleaning `last` table for eth_usd
[22:42:22.859256]. save_full_depth performing
 full depth save: asks = [998], bids = [625], skip = [0], filter = 0.005000 
[22:42:23.072384].  spread: 10.39 .. 10.31934. Saldo volume asks = 62665.72381789989, bids = 1392014.69689141 

Array
(
    [cost_asks] => 1047185.1903356244
    [cost_bids] => 258891.86239304513
    [volume_asks] => 62665.72381789989
    [volume_bids] => 1392014.69689141
    [best_ask] => 10.39
    [best_bid] => 10.31934
)
[22:42:23.118412]. request depth data from exchange server from http://darkstalker.ru/btce_cache.php?data=depth&pair=eth_usd&params=limit=2000
[22:42:23.458616]. last snapshot at 2017-01-17 19:41:28, round '2017-01-17 19' vs '2017-01-17 19' 

 ltc_btc.min_price = 0.00434 
diff commits total = 151 
 ltc_btc.min_price = 0.0001 
diff commits total = 158 
[22:42:23.760797]. cleaning `last` table for ltc_btc
[22:42:23.992936]. save_full_depth performing
 full depth save: asks = [2000], bids = [276], skip = [0], filter = 0.005000 
[22:42:24.505243].  spread: 0.00434 .. 0.00433. Saldo volume asks = 269383.121422587, bids = 179092.22844900005 

Array
(
    [cost_asks] => 4566.927678804251
    [cost_bids] => 228.08470466038472
    [volume_asks] => 269383.121422587
    [volume_bids] => 179092.22844900005
    [best_ask] => 0.00434
    [best_bid] => 0.00433
)
[22:42:24.560276]. request depth data from exchange server from http://darkstalker.ru/btce_cache.php?data=depth&pair=ltc_btc&params=limit=2000
[22:42:25.601901]. last snapshot at 2017-01-17 19:41:30, round '2017-01-17 19' vs '2017-01-17 19' 

 ltc_usd.min_price = 3.87 
diff commits total = 175 
 ltc_usd.min_price = 1.862 
diff commits total = 193 
[22:42:27.046767]. cleaning `last` table for ltc_usd
