<pre>[22:41:56.699560]. received ticker data from http://darkstalker.ru/btce_cache.php?data=ticker&pair=btc_usd&params=
add_row query: INSERT INTO data (ts,ticker_id,buy,sell,last,volume,volume_cur,updated)
VALUES('2017-01-17 19:41:55',1,889.427,889.426,889.427,9248282.60046, 10738.63489,'2017-01-17 19:41:56'); 
 today = 2017-01-17 22:41:56 
[22:41:57.276906]. received ticker data from http://darkstalker.ru/btce_cache.php?data=ticker&pair=dsh_btc&params=
add_row query: INSERT INTO data (ts,ticker_id,buy,sell,last,volume,volume_cur,updated)
VALUES('2017-01-17 19:41:55',10,0.01572,0.01563,0.01572,73.78272, 4673.65221,'2017-01-17 19:41:56'); 
[22:41:57.586092]. received ticker data from http://darkstalker.ru/btce_cache.php?data=ticker&pair=dsh_usd&params=
add_row query: INSERT INTO data (ts,ticker_id,buy,sell,last,volume,volume_cur,updated)
VALUES('2017-01-17 19:41:55',11,13.9,13.81352,13.9,24785.42599, 1856.2315,'2017-01-17 19:41:56'); 
[22:41:57.885271]. received ticker data from http://darkstalker.ru/btce_cache.php?data=ticker&pair=eth_btc&params=
add_row query: INSERT INTO data (ts,ticker_id,buy,sell,last,volume,volume_cur,updated)
VALUES('2017-01-17 19:41:55',12,0.01169,0.01164,0.01169,289.95895, 25444.01119,'2017-01-17 19:41:56'); 
[22:41:59.586291]. received ticker data from http://darkstalker.ru/btce_cache.php?data=ticker&pair=eth_usd&params=
add_row query: INSERT INTO data (ts,ticker_id,buy,sell,last,volume,volume_cur,updated)
VALUES('2017-01-17 19:41:55',13,10.39,10.31934,10.36993,343651.24471, 34808.12881,'2017-01-17 19:41:58'); 
[22:41:59.849449]. received ticker data from http://darkstalker.ru/btce_cache.php?data=ticker&pair=nvc_btc&params=
add_row query: INSERT INTO data (ts,ticker_id,buy,sell,last,volume,volume_cur,updated)
VALUES('2017-01-17 19:41:55',2,0.00064,0.00063,0.00063,2.58574, 4053.4542,'2017-01-17 19:41:58'); 
[22:42:00.419791]. received ticker data from http://darkstalker.ru/btce_cache.php?data=ticker&pair=nvc_usd&params=
add_row query: INSERT INTO data (ts,ticker_id,buy,sell,last,volume,volume_cur,updated)
VALUES('2017-01-17 19:41:55',4,0.562,0.557,0.556,5149.78023, 9311.0441,'2017-01-17 19:41:58'); 
[22:42:01.045166]. received ticker data from http://darkstalker.ru/btce_cache.php?data=ticker&pair=nmc_btc&params=
add_row query: INSERT INTO data (ts,ticker_id,buy,sell,last,volume,volume_cur,updated)
VALUES('2017-01-17 19:41:55',5,0.00027,0.00026,0.00027,10.68203, 39100.41616,'2017-01-17 19:42:00'); 
[22:42:01.637521]. received ticker data from http://darkstalker.ru/btce_cache.php?data=ticker&pair=nmc_usd&params=
add_row query: INSERT INTO data (ts,ticker_id,buy,sell,last,volume,volume_cur,updated)
VALUES('2017-01-17 19:41:55',6,0.238,0.235,0.238,22029.51944, 94794.53261,'2017-01-17 19:42:00'); 
[22:42:01.893675]. received ticker data from http://darkstalker.ru/btce_cache.php?data=ticker&pair=ppc_btc&params=
add_row query: INSERT INTO data (ts,ticker_id,buy,sell,last,volume,volume_cur,updated)
VALUES('2017-01-17 19:41:55',3,0.00034,0.00033,0.00033,9.34668, 27297.64273,'2017-01-17 19:42:00'); 
[22:42:02.472022]. received ticker data from http://darkstalker.ru/btce_cache.php?data=ticker&pair=ppc_usd&params=
add_row query: INSERT INTO data (ts,ticker_id,buy,sell,last,volume,volume_cur,updated)
VALUES('2017-01-17 19:41:55',7,0.3,0.297,0.3,64273.62641, 217291.85904,'2017-01-17 19:42:00'); 
[22:42:02.733178]. received ticker data from http://darkstalker.ru/btce_cache.php?data=ticker&pair=ltc_btc&params=
add_row query: INSERT INTO data (ts,ticker_id,buy,sell,last,volume,volume_cur,updated)
VALUES('2017-01-17 19:41:55',8,0.00434,0.00433,0.00434,331.4589, 73993.83552,'2017-01-17 19:42:02'); 
[22:42:03.012346]. received ticker data from http://darkstalker.ru/btce_cache.php?data=ticker&pair=ltc_usd&params=
add_row query: INSERT INTO data (ts,ticker_id,buy,sell,last,volume,volume_cur,updated)
VALUES('2017-01-17 19:41:55',9,3.87,3.855273,3.87457,273888.91535, 71154.56761,'2017-01-17 19:42:02'); 
